C51 COMPILER V9.00   BSP_STC8GTIMER                                                        07/21/2020 16:23:56 PAGE 1   


C51 COMPILER V9.00, COMPILATION OF MODULE BSP_STC8GTIMER
OBJECT MODULE PLACED IN .\Objects\Bsp_Stc8gTimer.obj
COMPILER INVOKED BY: d:\Keil_v5\C51\BIN\C51.EXE ..\BSP\Bsp_Stc8gTimer.c OPTIMIZE(8,SPEED) BROWSE INCDIR(..\APP;..\BSP;..
                    -\PUB;..\STC8G;..\MOD) DEBUG OBJECTEXTEND PRINT(.\Listings\Bsp_Stc8gTimer.lst) OBJECT(.\Objects\Bsp_Stc8gTimer.obj)

line level    source

   1          #include "Bsp_Stc8gTimer.h"
   2          #include "Mod_Syn480r.h"
   3          #include "App_GlobalValue.h"
   4          /**
   5           *************************************************************************
   6           * @brief: 
   7           * @param: void
   8           * @return: void
   9           * @function:
  10           * @author: 
  11           * @version: V1.0
  12           * @note:
  13           *************************************************************************
  14          **/
  15          static void Timer0_Init(void)
  16          {
  17   1              AUXR &= 0x7F;           //定时器时钟12T模式
  18   1              TMOD &= 0xF0;
  19   1              TMOD |= 0x02; //模式 2
  20   1              TH0 = TL0 = 0xEA; //24us
  21   1              TR0 = 1; //启动定时器
  22   1              ET0 = 1; //使能定时器中断
  23   1              EA = 1;         
  24   1      }
  25          /**
  26           *************************************************************************
  27           * @brief: Timer0_Isr
  28           * @param: void
  29           * @return: void
  30           * @function:
  31           * @author: 
  32           * @version: V1.0
  33           * @note:
  34           *************************************************************************
  35          **/
  36          void Timer0_Isr() interrupt 1
  37          {
  38   1              RF433M_RecevieDecode();//调用433解码函数
  39   1              gst_SystemPara.ul_TimeCount++;//端口高电平持续时间计数++
  40   1              //P33 =! P33;
  41   1      }
  42          /**
  43           *************************************************************************
  44           * @brief: Bsp_Stc8gTimer_Init
  45           * @param: void
  46           * @return: void
  47           * @function:
  48           * @author: 
  49           * @version: V1.0
  50           * @note:
  51           *************************************************************************
  52          **/
  53          void Bsp_Stc8gTimer_Init(void)
  54          {
C51 COMPILER V9.00   BSP_STC8GTIMER                                                        07/21/2020 16:23:56 PAGE 2   

  55   1              Timer0_Init();//定时器0初始化
  56   1      }


MODULE INFORMATION:   STATIC OVERLAYABLE
   CODE SIZE        =    115    ----
   CONSTANT SIZE    =   ----    ----
   XDATA SIZE       =   ----    ----
   PDATA SIZE       =   ----    ----
   DATA SIZE        =   ----    ----
   IDATA SIZE       =   ----    ----
   BIT SIZE         =   ----    ----
END OF MODULE INFORMATION.


C51 COMPILATION COMPLETE.  0 WARNING(S),  0 ERROR(S)
