C51 COMPILER V9.00   BSP_STC8GCLOCK                                                        07/21/2020 16:23:56 PAGE 1   


C51 COMPILER V9.00, COMPILATION OF MODULE BSP_STC8GCLOCK
OBJECT MODULE PLACED IN .\Objects\Bsp_Stc8gClock.obj
COMPILER INVOKED BY: d:\Keil_v5\C51\BIN\C51.EXE ..\BSP\Bsp_Stc8gClock.c OPTIMIZE(8,SPEED) BROWSE INCDIR(..\APP;..\BSP;..
                    -\PUB;..\STC8G;..\MOD) DEBUG OBJECTEXTEND PRINT(.\Listings\Bsp_Stc8gClock.lst) OBJECT(.\Objects\Bsp_Stc8gClock.obj)

line level    source

   1          #include "Bsp_Stc8gClock.h"
   2          
   3          void Bsp_Stc8gClock_Init(void)
   4          {
   5   1              P_SW2 = 0x80;
   6   1              CKSEL = 0x00; //选择内部 IRC ( 默认 )
   7   1              HIRCCR = 1 << 7;//使能IRC
   8   1              while(!(HIRCCR & 0x01));//等待IRC稳定
   9   1              
  10   1              
  11   1              IRCBAND = 0x00;//20MHZ
  12   1              IRTRIM = 44;//24% * 44 
  13   1              LIRTRIM = 0x00;//微调频率 
  14   1              //系统时钟 22.1184MHZ
  15   1              
  16   1      
  17   1              CLKDIV = 0x02; //时钟2分频
  18   1              //2分频以后 11.0592MHz
  19   1              
  20   1              //查看系统时钟
  21   1              MCLKOCR = 0x01;//时钟输出到P5.4
  22   1              //MCLKOCR = 0x00;//不输出
  23   1              
  24   1              P_SW2 = 0x00;
  25   1      }
  26          


MODULE INFORMATION:   STATIC OVERLAYABLE
   CODE SIZE        =     44    ----
   CONSTANT SIZE    =   ----    ----
   XDATA SIZE       =   ----    ----
   PDATA SIZE       =   ----    ----
   DATA SIZE        =   ----    ----
   IDATA SIZE       =   ----    ----
   BIT SIZE         =   ----    ----
END OF MODULE INFORMATION.


C51 COMPILATION COMPLETE.  0 WARNING(S),  0 ERROR(S)
