C51 COMPILER V9.00   PUB_DELAY                                                             07/21/2020 16:23:56 PAGE 1   


C51 COMPILER V9.00, COMPILATION OF MODULE PUB_DELAY
OBJECT MODULE PLACED IN .\Objects\Pub_Delay.obj
COMPILER INVOKED BY: d:\Keil_v5\C51\BIN\C51.EXE ..\PUB\Pub_Delay.c OPTIMIZE(8,SPEED) BROWSE INCDIR(..\APP;..\BSP;..\PUB;
                    -..\STC8G;..\MOD) DEBUG OBJECTEXTEND PRINT(.\Listings\Pub_Delay.lst) OBJECT(.\Objects\Pub_Delay.obj)

line level    source

   1          #include "Pub_Delay.h"
   2          /**
   3           *************************************************************************
   4           * @brief: Delay_Ms
   5           * @param: _ul_Ms -- ∫¡√Î
   6           * @return: void
   7           * @function:
   8           * @author: 
   9           * @version: V1.0
  10           * @note:
  11           *************************************************************************
  12          **/
  13          void Delay_Ms(INT32U _ul_Ms)
  14          {
  15   1          while(_ul_Ms--)
  16   1          {
  17   2                      unsigned char i, j;
  18   2      
  19   2                      i = 15;
  20   2                      j = 90;
  21   2                      do
  22   2                      {
  23   3                              while (--j);
  24   3                      } while (--i);
  25   2          }
  26   1          
  27   1      }
  28          /**
  29           *************************************************************************
  30           * @brief: Delay_Us
  31           * @param: _ul_Us -- Œ¢√Î
  32           * @return: void
  33           * @function:
  34           * @author: 
  35           * @version: V1.0
  36           * @note:
  37           *************************************************************************
  38          **/
  39          //void Delay_Us(INT32U _ul_Us)
  40          //{
  41          //    while(_ul_Us--)
  42          //    {
  43          //        _nop_();
  44          //    }
  45          //}


MODULE INFORMATION:   STATIC OVERLAYABLE
   CODE SIZE        =     36    ----
   CONSTANT SIZE    =   ----    ----
   XDATA SIZE       =   ----    ----
   PDATA SIZE       =   ----    ----
   DATA SIZE        =   ----       6
   IDATA SIZE       =   ----    ----
C51 COMPILER V9.00   PUB_DELAY                                                             07/21/2020 16:23:56 PAGE 2   

   BIT SIZE         =   ----    ----
END OF MODULE INFORMATION.


C51 COMPILATION COMPLETE.  0 WARNING(S),  0 ERROR(S)
